<!DOCTYPE html PUBLIC "-//W3C//DTD XHTML 1.1//EN" "https://www.w3.org/TR/xhtml11/DTD/xhtml11.dtd">
<html xmlns="https://www.w3.org/1999/xhtml">
<head>
<meta http-equiv="content-type" content="text/html; charset=UTF-8"/>
<title>TestNG Report</title>
<style type="text/css">table {margin-bottom:10px;border-collapse:collapse;empty-cells:show}th,td {border:1px solid #009;padding:.25em .5em}th {vertical-align:bottom}td {vertical-align:top}table a {font-weight:bold}.stripe td {background-color: #E6EBF9}.num {text-align:right}.passedodd td {background-color: #3F3}.passedeven td {background-color: #0A0}.skippedodd td {background-color: #DDD}.skippedeven td {background-color: #CCC}.failedodd td,.attn {background-color: #F33}.failedeven td,.stripe .attn {background-color: #D00}.stacktrace {white-space:pre;font-family:monospace}.totop {font-size:85%;text-align:center;border-bottom:2px solid #000}.invisible {display:none}</style>
</head>
<body>
<table>
<tr><th>Test</th><th># Passed</th><th># Skipped</th><th># Retried</th><th># Failed</th><th>Time (ms)</th><th>Included Groups</th><th>Excluded Groups</th></tr>
<tr><th colspan="8">Suite</th></tr>
<tr><td><a href="#t0">Test</a></td><td class="num">4</td><td class="num">0</td><td class="num">0</td><td class="num">0</td><td class="num">232</td><td>smoke</td><td></td></tr>
<tr class="stripe"><td><a href="#t1">run_package</a></td><td class="num">25</td><td class="num">0</td><td class="num">0</td><td class="num attn">7</td><td class="num">78,034</td><td></td><td></td></tr>
<tr><th>Total</th><th class="num">29</th><th class="num">0</th><th class="num">0</th><th class="num attn">7</th><th class="num">78,266</th><th colspan="2"></th></tr>
</table>
<table id='summary'><thead><tr><th>Class</th><th>Method</th><th>Start</th><th>Time (ms)</th></tr></thead><tbody><tr><th colspan="4">Suite</th></tr></tbody><tbody id="t0"><tr><th colspan="4">Test &#8212; passed</th></tr><tr class="passedeven"><td rowspan="1">TestNG.Day_1</td><td><a href="#m0">loan</a></td><td rowspan="1">1611653876780</td><td rowspan="1">11</td></tr><tr class="passedodd"><td rowspan="3">TestNG.Day_4</td><td><a href="#m1">test_1</a></td><td rowspan="1">1611653876782</td><td rowspan="1">17</td></tr><tr class="passedodd"><td><a href="#m2">test_3</a></td><td rowspan="1">1611653876826</td><td rowspan="1">39</td></tr><tr class="passedodd"><td><a href="#m3">test_4</a></td><td rowspan="1">1611653876877</td><td rowspan="1">51</td></tr></tbody>
<tbody id="t1"><tr><th colspan="4">run_package &#8212; failed</th></tr><tr class="failedeven"><td rowspan="1">TestNG.Datadriven_test</td><td><a href="#m4">test_actions</a></td><td rowspan="1">1611653877316</td><td rowspan="1">0</td></tr><tr class="failedodd"><td rowspan="2">TestNG.Parameters</td><td><a href="#m5">close</a></td><td rowspan="1">1611653946744</td><td rowspan="1">5004</td></tr><tr class="failedodd"><td><a href="#m6">start</a></td><td rowspan="1">1611653946729</td><td rowspan="1">0</td></tr><tr class="failedeven"><td rowspan="3">TestNG.Parameters_Demo</td><td><a href="#m7">search_press</a></td><td rowspan="1">1611653951761</td><td rowspan="1">3004</td></tr><tr class="failedeven"><td><a href="#m8">test_Url</a></td><td rowspan="1">1611653946738</td><td rowspan="1">0</td></tr><tr class="failedeven"><td><a href="#m9">text_feild</a></td><td rowspan="1">1611653951753</td><td rowspan="1">3</td></tr><tr class="failedodd"><td rowspan="1">TestNG.Test_Webdriver_Demo</td><td><a href="#m10">test_webdriver_listener</a></td><td rowspan="1">1611653877322</td><td rowspan="1">21832</td></tr><tr><th colspan="4">run_package &#8212; passed</th></tr><tr class="passedeven"><td rowspan="1">TestNG.A_first</td><td><a href="#m11">sum</a></td><td rowspan="1">1611653877040</td><td rowspan="1">9</td></tr><tr class="passedodd"><td rowspan="1">TestNG.Data_Annotations</td><td><a href="#m12">testing</a></td><td rowspan="1">1611653923175</td><td rowspan="1">22002</td></tr><tr class="passedeven"><td rowspan="3">TestNG.Data_Provider_Demo</td><td><a href="#m13">run_dataProvider</a></td><td rowspan="3">1611653877011</td><td rowspan="3">5</td></tr><tr class="passedeven"><td><a href="#m14">run_dataProvider</a></td></tr><tr class="passedeven"><td><a href="#m15">run_dataProvider</a></td></tr><tr class="passedodd"><td rowspan="5">TestNG.Data_Provider_Demo1</td><td><a href="#m16">test</a></td><td rowspan="5">1611653877080</td><td rowspan="5">5</td></tr><tr class="passedodd"><td><a href="#m17">test</a></td></tr><tr class="passedodd"><td><a href="#m18">test</a></td></tr><tr class="passedodd"><td><a href="#m19">test</a></td></tr><tr class="passedodd"><td><a href="#m20">test</a></td></tr><tr class="passedeven"><td rowspan="3">TestNG.Day_1</td><td><a href="#m21">loan</a></td><td rowspan="1">1611653876825</td><td rowspan="1">12</td></tr><tr class="passedeven"><td><a href="#m22">mobile_loan</a></td><td rowspan="1">1611653876843</td><td rowspan="1">2</td></tr><tr class="passedeven"><td><a href="#m23">website_loan</a></td><td rowspan="1">1611653946717</td><td rowspan="1">4</td></tr><tr class="passedodd"><td rowspan="2">TestNG.Day_2</td><td><a href="#m24">home</a></td><td rowspan="1">1611653876817</td><td rowspan="1">3</td></tr><tr class="passedodd"><td><a href="#m25">mobile_loan</a></td><td rowspan="1">1611653876847</td><td rowspan="1">3</td></tr><tr class="passedeven"><td rowspan="2">TestNG.Day_3</td><td><a href="#m26">gold</a></td><td rowspan="1">1611653876793</td><td rowspan="1">9</td></tr><tr class="passedeven"><td><a href="#m27">website_gold</a></td><td rowspan="1">1611653946711</td><td rowspan="1">2</td></tr><tr class="passedodd"><td rowspan="3">TestNG.Day_4</td><td><a href="#m28">test_1</a></td><td rowspan="1">1611653877143</td><td rowspan="1">1</td></tr><tr class="passedodd"><td><a href="#m29">test_3</a></td><td rowspan="1">1611653877184</td><td rowspan="1">2</td></tr><tr class="passedodd"><td><a href="#m30">test_4</a></td><td rowspan="1">1611653877245</td><td rowspan="1">3</td></tr><tr class="passedeven"><td rowspan="5">TestNG.testNG_methods</td><td><a href="#m31">test_1</a></td><td rowspan="1">1611653877167</td><td rowspan="1">2</td></tr><tr class="passedeven"><td><a href="#m32">test_2</a></td><td rowspan="1">1611653877172</td><td rowspan="1">4</td></tr><tr class="passedeven"><td><a href="#m33">test_3</a></td><td rowspan="1">1611653877236</td><td rowspan="1">2</td></tr><tr class="passedeven"><td><a href="#m34">test_4</a></td><td rowspan="1">1611653877293</td><td rowspan="1">3</td></tr><tr class="passedeven"><td><a href="#m35">test_5</a></td><td rowspan="1">1611653877300</td><td rowspan="1">2</td></tr></tbody>
</table>
<h2>Test</h2><h3 id="m0">TestNG.Day_1#loan</h3><table class="result"><tr><th class="invisible"/></tr></table><p class="totop"><a href="#summary">back to summary</a></p>
<h3 id="m1">TestNG.Day_4#test_1</h3><table class="result"><tr><th class="invisible"/></tr></table><p class="totop"><a href="#summary">back to summary</a></p>
<h3 id="m2">TestNG.Day_4#test_3</h3><table class="result"><tr><th class="invisible"/></tr></table><p class="totop"><a href="#summary">back to summary</a></p>
<h3 id="m3">TestNG.Day_4#test_4</h3><table class="result"><tr><th class="invisible"/></tr></table><p class="totop"><a href="#summary">back to summary</a></p>
<h2>run_package</h2><h3 id="m4">TestNG.Datadriven_test#test_actions</h3><table class="result"><tr><th>Exception</th></tr><tr><td><div class="stacktrace">org.testng.TestNGException: 
Cannot inject @Test annotated Method [test_actions] with [class java.lang.String, class java.lang.String, class java.lang.String, class java.lang.String, class java.lang.String, class java.lang.String, class java.lang.String, class java.lang.String].
For more information on native dependency injection please refer to https://testng.org/doc/documentation-main.html#native-dependency-injection
	at java.base/java.util.ArrayList.forEach(ArrayList.java:1511)
	at java.base/java.util.concurrent.FutureTask.run(FutureTask.java:264)
	at java.base/java.util.concurrent.ThreadPoolExecutor.runWorker(ThreadPoolExecutor.java:1130)
	at java.base/java.util.concurrent.ThreadPoolExecutor$Worker.run(ThreadPoolExecutor.java:630)
	at java.base/java.lang.Thread.run(Thread.java:832)
... Removed 17 stack frames</div></td></tr></table><p class="totop"><a href="#summary">back to summary</a></p>
<h3 id="m5">TestNG.Parameters#close</h3><table class="result"><tr><th>Exception</th></tr><tr><td><div class="stacktrace">java.lang.NullPointerException: Cannot invoke &quot;org.openqa.selenium.WebDriver.quit()&quot; because &quot;this.driver&quot; is null
	at TestNG.Parameters.close(Parameters.java:48)
	at java.base/java.util.ArrayList.forEach(ArrayList.java:1511)
	at java.base/java.util.concurrent.FutureTask.run(FutureTask.java:264)
	at java.base/java.util.concurrent.ThreadPoolExecutor.runWorker(ThreadPoolExecutor.java:1130)
	at java.base/java.util.concurrent.ThreadPoolExecutor$Worker.run(ThreadPoolExecutor.java:630)
	at java.base/java.lang.Thread.run(Thread.java:832)
... Removed 18 stack frames</div></td></tr></table><p class="totop"><a href="#summary">back to summary</a></p>
<h3 id="m6">TestNG.Parameters#start</h3><table class="result"><tr><th>Exception</th></tr><tr><td><div class="stacktrace">org.testng.TestNGException: 
Parameter &apos;emailID&apos; is required by @Test on method start but has not been marked @Optional or defined
in C:\Users\Lenovo\eclipse-workspace\TestNG\testng.xml
	at java.base/java.util.ArrayList.forEach(ArrayList.java:1511)
	at java.base/java.util.concurrent.FutureTask.run(FutureTask.java:264)
	at java.base/java.util.concurrent.ThreadPoolExecutor.runWorker(ThreadPoolExecutor.java:1130)
	at java.base/java.util.concurrent.ThreadPoolExecutor$Worker.run(ThreadPoolExecutor.java:630)
	at java.base/java.lang.Thread.run(Thread.java:832)
... Removed 17 stack frames</div></td></tr></table><p class="totop"><a href="#summary">back to summary</a></p>
<h3 id="m7">TestNG.Parameters_Demo#search_press</h3><table class="result"><tr><th>Exception</th></tr><tr><td><div class="stacktrace">java.lang.NullPointerException: Cannot invoke &quot;org.openqa.selenium.WebDriver.findElement(org.openqa.selenium.By)&quot; because &quot;this.driver&quot; is null
	at TestNG.Parameters_Demo.search_press(Parameters_Demo.java:34)
	at java.base/java.util.ArrayList.forEach(ArrayList.java:1511)
	at java.base/java.util.concurrent.FutureTask.run(FutureTask.java:264)
	at java.base/java.util.concurrent.ThreadPoolExecutor.runWorker(ThreadPoolExecutor.java:1130)
	at java.base/java.util.concurrent.ThreadPoolExecutor$Worker.run(ThreadPoolExecutor.java:630)
	at java.base/java.lang.Thread.run(Thread.java:832)
... Removed 18 stack frames</div></td></tr></table><p class="totop"><a href="#summary">back to summary</a></p>
<h3 id="m8">TestNG.Parameters_Demo#test_Url</h3><table class="result"><tr><th>Exception</th></tr><tr><td><div class="stacktrace">org.testng.TestNGException: 
Parameter &apos;browser&apos; is required by @Test on method test_Url but has not been marked @Optional or defined
in C:\Users\Lenovo\eclipse-workspace\TestNG\testng.xml
	at java.base/java.util.ArrayList.forEach(ArrayList.java:1511)
	at java.base/java.util.concurrent.FutureTask.run(FutureTask.java:264)
	at java.base/java.util.concurrent.ThreadPoolExecutor.runWorker(ThreadPoolExecutor.java:1130)
	at java.base/java.util.concurrent.ThreadPoolExecutor$Worker.run(ThreadPoolExecutor.java:630)
	at java.base/java.lang.Thread.run(Thread.java:832)
... Removed 17 stack frames</div></td></tr></table><p class="totop"><a href="#summary">back to summary</a></p>
<h3 id="m9">TestNG.Parameters_Demo#text_feild</h3><table class="result"><tr><th>Exception</th></tr><tr><td><div class="stacktrace">java.lang.NullPointerException: Cannot invoke &quot;org.openqa.selenium.WebDriver.findElement(org.openqa.selenium.By)&quot; because &quot;this.driver&quot; is null
	at TestNG.Parameters_Demo.text_feild(Parameters_Demo.java:40)
	at java.base/java.util.ArrayList.forEach(ArrayList.java:1511)
	at java.base/java.util.concurrent.FutureTask.run(FutureTask.java:264)
	at java.base/java.util.concurrent.ThreadPoolExecutor.runWorker(ThreadPoolExecutor.java:1130)
	at java.base/java.util.concurrent.ThreadPoolExecutor$Worker.run(ThreadPoolExecutor.java:630)
	at java.base/java.lang.Thread.run(Thread.java:832)
... Removed 18 stack frames</div></td></tr></table><p class="totop"><a href="#summary">back to summary</a></p>
<h3 id="m10">TestNG.Test_Webdriver_Demo#test_webdriver_listener</h3><table class="result"><tr><th>Exception</th></tr><tr><td><div class="stacktrace">org.openqa.selenium.NoSuchElementException: no such element: Unable to locate element: {&quot;method&quot;:&quot;css selector&quot;,&quot;selector&quot;:&quot;#wrong_id&quot;}
  (Session info: chrome=88.0.4324.104)
For documentation on this error, please visit: https://www.seleniumhq.org/exceptions/no_such_element.html
Build info: version: &apos;3.141.59&apos;, revision: &apos;e82be7d358&apos;, time: &apos;2018-11-14T08:25:53&apos;
System info: host: &apos;DESKTOP-AB28KPC&apos;, ip: &apos;192.168.1.128&apos;, os.name: &apos;Windows 10&apos;, os.arch: &apos;amd64&apos;, os.version: &apos;10.0&apos;, java.version: &apos;15.0.1&apos;
Driver info: org.openqa.selenium.chrome.ChromeDriver
Capabilities {acceptInsecureCerts: false, browserName: chrome, browserVersion: 88.0.4324.104, chrome: {chromedriverVersion: 87.0.4280.88 (89e2380a3e36c..., userDataDir: C:\Users\Lenovo\AppData\Loc...}, goog:chromeOptions: {debuggerAddress: localhost:54916}, javascriptEnabled: true, networkConnectionEnabled: false, pageLoadStrategy: normal, platform: WINDOWS, platformName: WINDOWS, proxy: Proxy(), setWindowRect: true, strictFileInteractability: false, timeouts: {implicit: 0, pageLoad: 300000, script: 30000}, unhandledPromptBehavior: dismiss and notify, webauthn:virtualAuthenticators: true}
Session ID: 0ad36f7bd8608162623d875c96b976d0
*** Element info: {Using=id, value=wrong_id}
	at org.openqa.selenium.remote.http.W3CHttpResponseCodec.createException(W3CHttpResponseCodec.java:187)
	at org.openqa.selenium.remote.http.W3CHttpResponseCodec.decode(W3CHttpResponseCodec.java:122)
	at org.openqa.selenium.remote.http.W3CHttpResponseCodec.decode(W3CHttpResponseCodec.java:49)
	at org.openqa.selenium.remote.HttpCommandExecutor.execute(HttpCommandExecutor.java:158)
	at org.openqa.selenium.remote.service.DriverCommandExecutor.execute(DriverCommandExecutor.java:83)
	at org.openqa.selenium.remote.RemoteWebDriver.execute(RemoteWebDriver.java:552)
	at org.openqa.selenium.remote.RemoteWebDriver.findElement(RemoteWebDriver.java:323)
	at org.openqa.selenium.remote.RemoteWebDriver.findElementById(RemoteWebDriver.java:372)
	at org.openqa.selenium.By$ById.findElement(By.java:188)
	at org.openqa.selenium.remote.RemoteWebDriver.findElement(RemoteWebDriver.java:315)
	at org.openqa.selenium.support.events.EventFiringWebDriver.lambda$new$1(EventFiringWebDriver.java:105)
	at com.sun.proxy.$Proxy18.findElement(Unknown Source)
	at org.openqa.selenium.support.events.EventFiringWebDriver.findElement(EventFiringWebDriver.java:194)
	at TestNG.Test_Webdriver_Demo.test_webdriver_listener(Test_Webdriver_Demo.java:36)
	at java.base/java.util.ArrayList.forEach(ArrayList.java:1511)
	at java.base/java.util.concurrent.FutureTask.run(FutureTask.java:264)
	at java.base/java.util.concurrent.ThreadPoolExecutor.runWorker(ThreadPoolExecutor.java:1130)
	at java.base/java.util.concurrent.ThreadPoolExecutor$Worker.run(ThreadPoolExecutor.java:630)
	at java.base/java.lang.Thread.run(Thread.java:832)
... Removed 27 stack frames</div></td></tr></table><p class="totop"><a href="#summary">back to summary</a></p>
<h3 id="m11">TestNG.A_first#sum</h3><table class="result"><tr><th class="invisible"/></tr></table><p class="totop"><a href="#summary">back to summary</a></p>
<h3 id="m12">TestNG.Data_Annotations#testing</h3><table class="result"><tr><th class="invisible"/></tr></table><p class="totop"><a href="#summary">back to summary</a></p>
<h3 id="m13">TestNG.Data_Provider_Demo#run_dataProvider</h3><table class="result"><tr class="param"><th>Parameter #1</th><th>Parameter #2</th></tr><tr class="param stripe"><td>firstname</td><td>firstpassword</td></tr></table><p class="totop"><a href="#summary">back to summary</a></p>
<h3 id="m14">TestNG.Data_Provider_Demo#run_dataProvider</h3><table class="result"><tr class="param"><th>Parameter #1</th><th>Parameter #2</th></tr><tr class="param stripe"><td>thirdname</td><td>thirdpassword</td></tr></table><p class="totop"><a href="#summary">back to summary</a></p>
<h3 id="m15">TestNG.Data_Provider_Demo#run_dataProvider</h3><table class="result"><tr class="param"><th>Parameter #1</th><th>Parameter #2</th></tr><tr class="param stripe"><td>secondname</td><td>secondpassword</td></tr></table><p class="totop"><a href="#summary">back to summary</a></p>
<h3 id="m16">TestNG.Data_Provider_Demo1#test</h3><table class="result"><tr class="param"><th>Parameter #1</th><th>Parameter #2</th><th>Parameter #3</th></tr><tr class="param stripe"><td>Monika</td><td>EE</td><td>103</td></tr></table><p class="totop"><a href="#summary">back to summary</a></p>
<h3 id="m17">TestNG.Data_Provider_Demo1#test</h3><table class="result"><tr class="param"><th>Parameter #1</th><th>Parameter #2</th><th>Parameter #3</th></tr><tr class="param stripe"><td>Rabi Ranjan</td><td>Mechanical</td><td>101</td></tr></table><p class="totop"><a href="#summary">back to summary</a></p>
<h3 id="m18">TestNG.Data_Provider_Demo1#test</h3><table class="result"><tr class="param"><th>Parameter #1</th><th>Parameter #2</th><th>Parameter #3</th></tr><tr class="param stripe"><td>Lopamudra</td><td>Cse</td><td>104</td></tr></table><p class="totop"><a href="#summary">back to summary</a></p>
<h3 id="m19">TestNG.Data_Provider_Demo1#test</h3><table class="result"><tr class="param"><th>Parameter #1</th><th>Parameter #2</th><th>Parameter #3</th></tr><tr class="param stripe"><td>Trident</td><td>all_rounder</td><td>105</td></tr></table><p class="totop"><a href="#summary">back to summary</a></p>
<h3 id="m20">TestNG.Data_Provider_Demo1#test</h3><table class="result"><tr class="param"><th>Parameter #1</th><th>Parameter #2</th><th>Parameter #3</th></tr><tr class="param stripe"><td>Ashish</td><td>Etc</td><td>102</td></tr></table><p class="totop"><a href="#summary">back to summary</a></p>
<h3 id="m21">TestNG.Day_1#loan</h3><table class="result"><tr><th class="invisible"/></tr></table><p class="totop"><a href="#summary">back to summary</a></p>
<h3 id="m22">TestNG.Day_1#mobile_loan</h3><table class="result"><tr><th class="invisible"/></tr></table><p class="totop"><a href="#summary">back to summary</a></p>
<h3 id="m23">TestNG.Day_1#website_loan</h3><table class="result"><tr><th class="invisible"/></tr></table><p class="totop"><a href="#summary">back to summary</a></p>
<h3 id="m24">TestNG.Day_2#home</h3><table class="result"><tr><th class="invisible"/></tr></table><p class="totop"><a href="#summary">back to summary</a></p>
<h3 id="m25">TestNG.Day_2#mobile_loan</h3><table class="result"><tr><th class="invisible"/></tr></table><p class="totop"><a href="#summary">back to summary</a></p>
<h3 id="m26">TestNG.Day_3#gold</h3><table class="result"><tr><th class="invisible"/></tr></table><p class="totop"><a href="#summary">back to summary</a></p>
<h3 id="m27">TestNG.Day_3#website_gold</h3><table class="result"><tr><th class="invisible"/></tr></table><p class="totop"><a href="#summary">back to summary</a></p>
<h3 id="m28">TestNG.Day_4#test_1</h3><table class="result"><tr><th class="invisible"/></tr></table><p class="totop"><a href="#summary">back to summary</a></p>
<h3 id="m29">TestNG.Day_4#test_3</h3><table class="result"><tr><th class="invisible"/></tr></table><p class="totop"><a href="#summary">back to summary</a></p>
<h3 id="m30">TestNG.Day_4#test_4</h3><table class="result"><tr><th class="invisible"/></tr></table><p class="totop"><a href="#summary">back to summary</a></p>
<h3 id="m31">TestNG.testNG_methods#test_1</h3><table class="result"><tr><th class="invisible"/></tr></table><p class="totop"><a href="#summary">back to summary</a></p>
<h3 id="m32">TestNG.testNG_methods#test_2</h3><table class="result"><tr><th class="invisible"/></tr></table><p class="totop"><a href="#summary">back to summary</a></p>
<h3 id="m33">TestNG.testNG_methods#test_3</h3><table class="result"><tr><th class="invisible"/></tr></table><p class="totop"><a href="#summary">back to summary</a></p>
<h3 id="m34">TestNG.testNG_methods#test_4</h3><table class="result"><tr><th class="invisible"/></tr></table><p class="totop"><a href="#summary">back to summary</a></p>
<h3 id="m35">TestNG.testNG_methods#test_5</h3><table class="result"><tr><th class="invisible"/></tr></table><p class="totop"><a href="#summary">back to summary</a></p>
</body>
</html>
