<?xml version="1.0" encoding="UTF-8"?>
<!-- Generated by org.testng.reporters.JUnitXMLReporter -->
<testsuite ignored="0" hostname="LAPTOP-HSQD46T4" failures="2" tests="5" name="Test" time="47.13" errors="0" timestamp="2021-04-28T01:29:36 IST">
  <testcase classname="endTOend.raBiProject.Data_Driven" name="@AfterMethod exitup" time="0.0">
    <failure type="java.lang.NullPointerException">
      <![CDATA[java.lang.NullPointerException
at endTOend.raBiProject.Data_Driven.exitup(Data_Driven.java:122)
at java.base/java.util.ArrayList.forEach(ArrayList.java:1541)
... Removed 32 stack frames]]>
    </failure>
  </testcase> <!-- @AfterMethod exitup -->
  <testcase classname="endTOend.raBiProject.Data_Driven" name="@BeforeMethod setup" time="-1.619553576893E9">
    <skipped/>
  </testcase> <!-- @BeforeMethod setup -->
  <testcase classname="endTOend.raBiProject.Data_Driven" name="@AfterMethod exitup" time="-1.619553576897E9">
    <skipped/>
  </testcase> <!-- @AfterMethod exitup -->
  <testcase classname="endTOend.raBiProject.Data_Driven" name="@BeforeMethod setup" time="-1.619553576898E9">
    <skipped/>
  </testcase> <!-- @BeforeMethod setup -->
  <testcase classname="endTOend.raBiProject.Data_Driven" name="@AfterMethod exitup" time="-1.619553576901E9">
    <skipped/>
  </testcase> <!-- @AfterMethod exitup -->
  <testcase classname="endTOend.raBiProject.createJob" name="pageNavigation" time="15.076">
    <failure type="java.lang.NullPointerException">
      <![CDATA[java.lang.NullPointerException
at endTOend.raBiProject.createJob.pageNavigation(createJob.java:66)
at java.base/java.util.ArrayList.forEach(ArrayList.java:1541)
... Removed 27 stack frames]]>
    </failure>
  </testcase> <!-- pageNavigation -->
  <testcase classname="endTOend.raBiProject.home_page" name="pageNavigation" time="13.192"/>
  <testcase classname="endTOend.raBiProject.Data_Driven" name="pageNavigation" time="8.183">
    <failure type="java.lang.AssertionError" message="expected [automation engineer] but found [OrangeHRM]">
      <![CDATA[java.lang.AssertionError: expected [automation engineer] but found [OrangeHRM]
at endTOend.raBiProject.Data_Driven.pageNavigation(Data_Driven.java:53)
at java.base/java.util.ArrayList.forEach(ArrayList.java:1541)
... Removed 33 stack frames]]>
    </failure>
  </testcase> <!-- pageNavigation -->
  <testcase classname="endTOend.raBiProject.Data_Driven" name="pageNavigation" time="0.0">
    <skipped/>
  </testcase> <!-- pageNavigation -->
  <testcase classname="endTOend.raBiProject.Data_Driven" name="pageNavigation" time="0.0">
    <skipped/>
  </testcase> <!-- pageNavigation -->
</testsuite> <!-- Test -->
